{
  "stats": {
    "suites": 1,
    "tests": 3,
    "passes": 2,
    "pending": 0,
    "failures": 1,
    "start": "2024-08-13T13:12:59.870Z",
    "end": "2024-08-13T13:14:08.281Z",
    "duration": 68411,
    "testsRegistered": 5,
    "passPercent": 40,
    "pendingPercent": 0,
    "other": 0,
    "hasOther": false,
    "skipped": 2,
    "hasSkipped": true
  },
  "results": [
    {
      "uuid": "46c1e988-60d0-4200-96ff-99f6374d0e30",
      "title": "",
      "fullFile": "cypress\\e2e\\login\\login.cy.js",
      "file": "cypress\\e2e\\login\\login.cy.js",
      "beforeHooks": [],
      "afterHooks": [],
      "tests": [],
      "suites": [
        {
          "uuid": "8e2a19c1-1213-40fe-85bd-02cee73b96f8",
          "title": "Login Feature",
          "fullFile": "",
          "file": "",
          "beforeHooks": [],
          "afterHooks": [],
          "tests": [
            {
              "title": "Success to login",
              "fullTitle": "Login Feature Success to login",
              "timedOut": null,
              "duration": 3723,
              "state": "passed",
              "speed": "fast",
              "pass": true,
              "fail": false,
              "pending": false,
              "context": null,
              "code": "cy.get('[data-test=\"username\"]').type(\"standard_user\");\ncy.wait(1000);\ncy.get('[data-test=\"password\"]').type(\"secret_sauce\");\ncy.wait(1000);\ncy.get(\"#login-button\").click();\ncy.get('[data-test=\"title\"]').should(\"be.visible\");",
              "err": {},
              "uuid": "11d5e650-6b2d-4167-bc40-5526cdcb4d69",
              "parentUUID": "8e2a19c1-1213-40fe-85bd-02cee73b96f8",
              "isHook": false,
              "skipped": false
            },
            {
              "title": "Success to login",
              "fullTitle": "Login Feature Success to login",
              "timedOut": null,
              "duration": 3052,
              "state": "passed",
              "speed": "fast",
              "pass": true,
              "fail": false,
              "pending": false,
              "context": null,
              "code": "cy.fixture(\"users\").then(data => {\n  cy.get('[data-test=\"username\"]').type(data.standarUser);\n  cy.wait(1000);\n  cy.get('[data-test=\"password\"]').type(data.password);\n  cy.wait(1000);\n  cy.get(\"#login-button\").click();\n  cy.get('[data-test=\"title\"]').should(\"be.visible\");\n});",
              "err": {},
              "uuid": "ccace0ba-9a65-4923-8f53-feeb8c159f52",
              "parentUUID": "8e2a19c1-1213-40fe-85bd-02cee73b96f8",
              "isHook": false,
              "skipped": false
            },
            {
              "title": "Success to login",
              "fullTitle": "Login Feature Success to login",
              "timedOut": null,
              "duration": 60201,
              "state": "failed",
              "speed": null,
              "pass": false,
              "fail": true,
              "pending": false,
              "context": null,
              "code": "cy.login(\"standard_user\", \"secret_sauce\");\ncy.get('[data-test=\"title\"]').should(\"be.visible\");",
              "err": {
                "message": "CypressError: Timed out after waiting `60000ms` for your remote page to load.\n\nYour page did not fire its `load` event within `60000ms`.\n\nYou can try increasing the `pageLoadTimeout` value in `cypress.config.js` to wait longer.\n\nBrowsers will not fire the `load` event until all stylesheets and scripts are done downloading.\n\nWhen this `load` event occurs, Cypress will continue running commands.\n\nBecause this error occurred during a `before each` hook we are skipping the remaining tests in the current suite: `Login Feature`",
                "estack": "CypressError: Timed out after waiting `60000ms` for your remote page to load.\n\nYour page did not fire its `load` event within `60000ms`.\n\nYou can try increasing the `pageLoadTimeout` value in `cypress.config.js` to wait longer.\n\nBrowsers will not fire the `load` event until all stylesheets and scripts are done downloading.\n\nWhen this `load` event occurs, Cypress will continue running commands.\n\nBecause this error occurred during a `before each` hook we are skipping the remaining tests in the current suite: `Login Feature`\n    at timedOutWaitingForPageLoad (https://www.saucedemo.com/__cypress/runner/cypress_runner.js:146720:72)\n    at <unknown> (https://www.saucedemo.com/__cypress/runner/cypress_runner.js:147694:16)\n    at tryCatcher (https://www.saucedemo.com/__cypress/runner/cypress_runner.js:18744:23)\n    at <unknown> (https://www.saucedemo.com/__cypress/runner/cypress_runner.js:13866:41)\n    at tryCatcher (https://www.saucedemo.com/__cypress/runner/cypress_runner.js:18744:23)\n    at Promise._settlePromiseFromHandler (https://www.saucedemo.com/__cypress/runner/cypress_runner.js:16679:31)\n    at Promise._settlePromise (https://www.saucedemo.com/__cypress/runner/cypress_runner.js:16736:18)\n    at Promise._settlePromise0 (https://www.saucedemo.com/__cypress/runner/cypress_runner.js:16781:10)\n    at Promise._settlePromises (https://www.saucedemo.com/__cypress/runner/cypress_runner.js:16857:18)\n    at _drainQueueStep (https://www.saucedemo.com/__cypress/runner/cypress_runner.js:13451:12)\n    at _drainQueue (https://www.saucedemo.com/__cypress/runner/cypress_runner.js:13444:9)\n    at ../../node_modules/bluebird/js/release/async.js.Async._drainQueues (https://www.saucedemo.com/__cypress/runner/cypress_runner.js:13460:5)\n    at Async.drainQueues (https://www.saucedemo.com/__cypress/runner/cypress_runner.js:13330:14)\nFrom Your Spec Code:\n    at Context.eval (webpack:///./cypress/e2e/login/login.cy.js:4:7)",
                "diff": null
              },
              "uuid": "14328780-27ca-4a4f-bdfb-11bf975f92fd",
              "parentUUID": "8e2a19c1-1213-40fe-85bd-02cee73b96f8",
              "isHook": false,
              "skipped": false
            },
            {
              "title": "Success to login",
              "fullTitle": "Login Feature Success to login",
              "timedOut": null,
              "duration": 0,
              "state": "skipped",
              "speed": null,
              "pass": false,
              "fail": false,
              "pending": false,
              "context": null,
              "code": "cy.fixture(\"users\").then(data => {\n  cy.login(data.standarUser, data.password);\n  cy.get('[data-test=\"title\"]').should(\"be.visible\");\n});",
              "err": {},
              "uuid": "b2303cec-8210-4f56-80ef-bbd2a908d608",
              "parentUUID": "8e2a19c1-1213-40fe-85bd-02cee73b96f8",
              "isHook": false,
              "skipped": true
            },
            {
              "title": "Success to login",
              "fullTitle": "Login Feature Success to login",
              "timedOut": null,
              "duration": 0,
              "state": "skipped",
              "speed": null,
              "pass": false,
              "fail": false,
              "pending": false,
              "context": null,
              "code": "cy.loginCustom(\"standardUser\");",
              "err": {},
              "uuid": "d3929b78-bf86-4b70-a909-993fbc76c044",
              "parentUUID": "8e2a19c1-1213-40fe-85bd-02cee73b96f8",
              "isHook": false,
              "skipped": true
            }
          ],
          "suites": [],
          "passes": [
            "11d5e650-6b2d-4167-bc40-5526cdcb4d69",
            "ccace0ba-9a65-4923-8f53-feeb8c159f52"
          ],
          "failures": [
            "14328780-27ca-4a4f-bdfb-11bf975f92fd"
          ],
          "pending": [],
          "skipped": [
            "b2303cec-8210-4f56-80ef-bbd2a908d608",
            "d3929b78-bf86-4b70-a909-993fbc76c044"
          ],
          "duration": 66976,
          "root": false,
          "rootEmpty": false,
          "_timeout": 2000
        }
      ],
      "passes": [],
      "failures": [],
      "pending": [],
      "skipped": [],
      "duration": 0,
      "root": true,
      "rootEmpty": true,
      "_timeout": 2000
    }
  ],
  "meta": {
    "mocha": {
      "version": "7.0.1"
    },
    "mochawesome": {
      "options": {
        "quiet": false,
        "reportFilename": "mochawesome",
        "saveHtml": true,
        "saveJson": true,
        "consoleReporter": "spec",
        "useInlineDiffs": false,
        "code": true
      },
      "version": "7.1.3"
    },
    "marge": {
      "options": {
        "reportDir": "cypress/reports",
        "overwrite": true,
        "html": true,
        "json": true
      },
      "version": "6.2.0"
    }
  }
}